{"C:\\Users\\mayow\\OneDrive\\Desktop\\CollegeWork(TU856)\\YEAR_4\\FinalYearProject\\Nursepal\\nursepal_frontend\\src\\App.js": {"path":"C:\\Users\\mayow\\OneDrive\\Desktop\\CollegeWork(TU856)\\YEAR_4\\FinalYearProject\\Nursepal\\nursepal_frontend\\src\\App.js","statementMap":{"0":{"start":{"line":13,"column":2},"end":{"line":25,"column":4}}},"fnMap":{"0":{"name":"App","decl":{"start":{"line":12,"column":9},"end":{"line":12,"column":12}},"loc":{"start":{"line":12,"column":15},"end":{"line":26,"column":1}},"line":12}},"branchMap":{},"s":{"0":0},"f":{"0":0},"b":{}}
,"C:\\Users\\mayow\\OneDrive\\Desktop\\CollegeWork(TU856)\\YEAR_4\\FinalYearProject\\Nursepal\\nursepal_frontend\\src\\index.js": {"path":"C:\\Users\\mayow\\OneDrive\\Desktop\\CollegeWork(TU856)\\YEAR_4\\FinalYearProject\\Nursepal\\nursepal_frontend\\src\\index.js","statementMap":{"0":{"start":{"line":9,"column":13},"end":{"line":9,"column":65}},"1":{"start":{"line":10,"column":0},"end":{"line":14,"column":2}},"2":{"start":{"line":19,"column":0},"end":{"line":19,"column":18}},"3":{"start":{"line":20,"column":0},"end":{"line":20,"column":8}}},"fnMap":{},"branchMap":{},"s":{"0":0,"1":0,"2":0,"3":0},"f":{},"b":{}}
,"C:\\Users\\mayow\\OneDrive\\Desktop\\CollegeWork(TU856)\\YEAR_4\\FinalYearProject\\Nursepal\\nursepal_frontend\\src\\reportWebVitals.js": {"path":"C:\\Users\\mayow\\OneDrive\\Desktop\\CollegeWork(TU856)\\YEAR_4\\FinalYearProject\\Nursepal\\nursepal_frontend\\src\\reportWebVitals.js","statementMap":{"0":{"start":{"line":1,"column":24},"end":{"line":11,"column":1}},"1":{"start":{"line":2,"column":2},"end":{"line":10,"column":3}},"2":{"start":{"line":3,"column":4},"end":{"line":9,"column":7}},"3":{"start":{"line":4,"column":6},"end":{"line":4,"column":26}},"4":{"start":{"line":5,"column":6},"end":{"line":5,"column":26}},"5":{"start":{"line":6,"column":6},"end":{"line":6,"column":26}},"6":{"start":{"line":7,"column":6},"end":{"line":7,"column":26}},"7":{"start":{"line":8,"column":6},"end":{"line":8,"column":27}}},"fnMap":{"0":{"name":"(anonymous_0)","decl":{"start":{"line":1,"column":24},"end":{"line":1,"column":25}},"loc":{"start":{"line":1,"column":39},"end":{"line":11,"column":1}},"line":1},"1":{"name":"(anonymous_1)","decl":{"start":{"line":3,"column":30},"end":{"line":3,"column":31}},"loc":{"start":{"line":3,"column":79},"end":{"line":9,"column":5}},"line":3}},"branchMap":{"0":{"loc":{"start":{"line":2,"column":2},"end":{"line":10,"column":3}},"type":"if","locations":[{"start":{"line":2,"column":2},"end":{"line":10,"column":3}},{"start":{},"end":{}}],"line":2},"1":{"loc":{"start":{"line":2,"column":6},"end":{"line":2,"column":52}},"type":"binary-expr","locations":[{"start":{"line":2,"column":6},"end":{"line":2,"column":17}},{"start":{"line":2,"column":21},"end":{"line":2,"column":52}}],"line":2}},"s":{"0":0,"1":0,"2":0,"3":0,"4":0,"5":0,"6":0,"7":0},"f":{"0":0,"1":0},"b":{"0":[0,0],"1":[0,0]}}
,"C:\\Users\\mayow\\OneDrive\\Desktop\\CollegeWork(TU856)\\YEAR_4\\FinalYearProject\\Nursepal\\nursepal_frontend\\src\\swDev.js": {"path":"C:\\Users\\mayow\\OneDrive\\Desktop\\CollegeWork(TU856)\\YEAR_4\\FinalYearProject\\Nursepal\\nursepal_frontend\\src\\swDev.js","statementMap":{"0":{"start":{"line":3,"column":16},"end":{"line":3,"column":49}},"1":{"start":{"line":4,"column":4},"end":{"line":6,"column":6}},"2":{"start":{"line":5,"column":8},"end":{"line":5,"column":42}}},"fnMap":{"0":{"name":"swDev","decl":{"start":{"line":1,"column":24},"end":{"line":1,"column":29}},"loc":{"start":{"line":2,"column":0},"end":{"line":7,"column":1}},"line":2},"1":{"name":"(anonymous_1)","decl":{"start":{"line":4,"column":49},"end":{"line":4,"column":50}},"loc":{"start":{"line":4,"column":63},"end":{"line":6,"column":5}},"line":4}},"branchMap":{},"s":{"0":0,"1":0,"2":0},"f":{"0":0,"1":0},"b":{}}
,"C:\\Users\\mayow\\OneDrive\\Desktop\\CollegeWork(TU856)\\YEAR_4\\FinalYearProject\\Nursepal\\nursepal_frontend\\src\\components\\CareChecklist.js": {"path":"C:\\Users\\mayow\\OneDrive\\Desktop\\CollegeWork(TU856)\\YEAR_4\\FinalYearProject\\Nursepal\\nursepal_frontend\\src\\components\\CareChecklist.js","statementMap":{"0":{"start":{"line":4,"column":29},"end":{"line":57,"column":1}},"1":{"start":{"line":5,"column":50},"end":{"line":5,"column":64}},"2":{"start":{"line":6,"column":30},"end":{"line":6,"column":42}},"3":{"start":{"line":8,"column":32},"end":{"line":20,"column":5}},"4":{"start":{"line":9,"column":26},"end":{"line":9,"column":40}},"5":{"start":{"line":10,"column":8},"end":{"line":10,"column":38}},"6":{"start":{"line":11,"column":8},"end":{"line":11,"column":30}},"7":{"start":{"line":13,"column":8},"end":{"line":19,"column":9}},"8":{"start":{"line":14,"column":35},"end":{"line":14,"column":66}},"9":{"start":{"line":15,"column":12},"end":{"line":15,"column":37}},"10":{"start":{"line":16,"column":12},"end":{"line":16,"column":40}},"11":{"start":{"line":18,"column":12},"end":{"line":18,"column":62}},"12":{"start":{"line":22,"column":25},"end":{"line":29,"column":5}},"13":{"start":{"line":23,"column":8},"end":{"line":28,"column":9}},"14":{"start":{"line":24,"column":12},"end":{"line":24,"column":63}},"15":{"start":{"line":25,"column":12},"end":{"line":25,"column":120}},"16":{"start":{"line":25,"column":34},"end":{"line":25,"column":118}},"17":{"start":{"line":25,"column":56},"end":{"line":25,"column":117}},"18":{"start":{"line":27,"column":12},"end":{"line":27,"column":67}},"19":{"start":{"line":31,"column":4},"end":{"line":56,"column":6}},"20":{"start":{"line":37,"column":16},"end":{"line":37,"column":97}},"21":{"start":{"line":44,"column":24},"end":{"line":51,"column":30}},"22":{"start":{"line":48,"column":44},"end":{"line":48,"column":65}}},"fnMap":{"0":{"name":"(anonymous_0)","decl":{"start":{"line":4,"column":29},"end":{"line":4,"column":30}},"loc":{"start":{"line":4,"column":45},"end":{"line":57,"column":1}},"line":4},"1":{"name":"(anonymous_1)","decl":{"start":{"line":8,"column":32},"end":{"line":8,"column":33}},"loc":{"start":{"line":8,"column":45},"end":{"line":20,"column":5}},"line":8},"2":{"name":"(anonymous_2)","decl":{"start":{"line":22,"column":25},"end":{"line":22,"column":26}},"loc":{"start":{"line":22,"column":43},"end":{"line":29,"column":5}},"line":22},"3":{"name":"(anonymous_3)","decl":{"start":{"line":25,"column":21},"end":{"line":25,"column":22}},"loc":{"start":{"line":25,"column":34},"end":{"line":25,"column":118}},"line":25},"4":{"name":"(anonymous_4)","decl":{"start":{"line":25,"column":48},"end":{"line":25,"column":49}},"loc":{"start":{"line":25,"column":56},"end":{"line":25,"column":117}},"line":25},"5":{"name":"(anonymous_5)","decl":{"start":{"line":36,"column":30},"end":{"line":36,"column":31}},"loc":{"start":{"line":37,"column":16},"end":{"line":37,"column":97}},"line":37},"6":{"name":"(anonymous_6)","decl":{"start":{"line":43,"column":31},"end":{"line":43,"column":32}},"loc":{"start":{"line":44,"column":24},"end":{"line":51,"column":30}},"line":44},"7":{"name":"(anonymous_7)","decl":{"start":{"line":48,"column":38},"end":{"line":48,"column":39}},"loc":{"start":{"line":48,"column":44},"end":{"line":48,"column":65}},"line":48}},"branchMap":{"0":{"loc":{"start":{"line":25,"column":56},"end":{"line":25,"column":117}},"type":"cond-expr","locations":[{"start":{"line":25,"column":77},"end":{"line":25,"column":110}},{"start":{"line":25,"column":113},"end":{"line":25,"column":117}}],"line":25},"1":{"loc":{"start":{"line":41,"column":13},"end":{"line":54,"column":13}},"type":"binary-expr","locations":[{"start":{"line":41,"column":13},"end":{"line":41,"column":28}},{"start":{"line":42,"column":16},"end":{"line":53,"column":22}}],"line":41}},"s":{"0":0,"1":0,"2":0,"3":0,"4":0,"5":0,"6":0,"7":0,"8":0,"9":0,"10":0,"11":0,"12":0,"13":0,"14":0,"15":0,"16":0,"17":0,"18":0,"19":0,"20":0,"21":0,"22":0},"f":{"0":0,"1":0,"2":0,"3":0,"4":0,"5":0,"6":0,"7":0},"b":{"0":[0,0],"1":[0,0]}}
,"C:\\Users\\mayow\\OneDrive\\Desktop\\CollegeWork(TU856)\\YEAR_4\\FinalYearProject\\Nursepal\\nursepal_frontend\\src\\components\\Login.js": {"path":"C:\\Users\\mayow\\OneDrive\\Desktop\\CollegeWork(TU856)\\YEAR_4\\FinalYearProject\\Nursepal\\nursepal_frontend\\src\\components\\Login.js","statementMap":{"0":{"start":{"line":5,"column":21},"end":{"line":73,"column":1}},"1":{"start":{"line":6,"column":36},"end":{"line":6,"column":48}},"2":{"start":{"line":7,"column":36},"end":{"line":7,"column":48}},"3":{"start":{"line":8,"column":38},"end":{"line":8,"column":53}},"4":{"start":{"line":10,"column":19},"end":{"line":25,"column":5}},"5":{"start":{"line":11,"column":8},"end":{"line":11,"column":27}},"6":{"start":{"line":13,"column":8},"end":{"line":23,"column":9}},"7":{"start":{"line":14,"column":25},"end":{"line":14,"column":60}},"8":{"start":{"line":15,"column":12},"end":{"line":15,"column":33}},"9":{"start":{"line":16,"column":12},"end":{"line":16,"column":51}},"10":{"start":{"line":17,"column":12},"end":{"line":17,"column":57}},"11":{"start":{"line":18,"column":12},"end":{"line":18,"column":39}},"12":{"start":{"line":21,"column":12},"end":{"line":21,"column":54}},"13":{"start":{"line":22,"column":12},"end":{"line":22,"column":31}},"14":{"start":{"line":27,"column":4},"end":{"line":72,"column":4}},"15":{"start":{"line":31,"column":76},"end":{"line":31,"column":95}},"16":{"start":{"line":48,"column":55},"end":{"line":48,"column":82}},"17":{"start":{"line":60,"column":55},"end":{"line":60,"column":82}}},"fnMap":{"0":{"name":"(anonymous_0)","decl":{"start":{"line":5,"column":21},"end":{"line":5,"column":22}},"loc":{"start":{"line":5,"column":27},"end":{"line":73,"column":1}},"line":5},"1":{"name":"(anonymous_1)","decl":{"start":{"line":10,"column":19},"end":{"line":10,"column":20}},"loc":{"start":{"line":10,"column":30},"end":{"line":25,"column":5}},"line":10},"2":{"name":"(anonymous_2)","decl":{"start":{"line":31,"column":70},"end":{"line":31,"column":71}},"loc":{"start":{"line":31,"column":76},"end":{"line":31,"column":95}},"line":31},"3":{"name":"(anonymous_3)","decl":{"start":{"line":48,"column":48},"end":{"line":48,"column":49}},"loc":{"start":{"line":48,"column":55},"end":{"line":48,"column":82}},"line":48},"4":{"name":"(anonymous_4)","decl":{"start":{"line":60,"column":48},"end":{"line":60,"column":49}},"loc":{"start":{"line":60,"column":55},"end":{"line":60,"column":82}},"line":60}},"branchMap":{},"s":{"0":0,"1":0,"2":0,"3":0,"4":0,"5":0,"6":0,"7":0,"8":0,"9":0,"10":0,"11":0,"12":0,"13":0,"14":0,"15":0,"16":0,"17":0},"f":{"0":0,"1":0,"2":0,"3":0,"4":0},"b":{}}
,"C:\\Users\\mayow\\OneDrive\\Desktop\\CollegeWork(TU856)\\YEAR_4\\FinalYearProject\\Nursepal\\nursepal_frontend\\src\\components\\Logout.js": {"path":"C:\\Users\\mayow\\OneDrive\\Desktop\\CollegeWork(TU856)\\YEAR_4\\FinalYearProject\\Nursepal\\nursepal_frontend\\src\\components\\Logout.js","statementMap":{"0":{"start":{"line":3,"column":22},"end":{"line":12,"column":1}},"1":{"start":{"line":4,"column":4},"end":{"line":7,"column":11}},"2":{"start":{"line":5,"column":8},"end":{"line":5,"column":29}},"3":{"start":{"line":6,"column":8},"end":{"line":6,"column":40}},"4":{"start":{"line":9,"column":4},"end":{"line":11,"column":5}}},"fnMap":{"0":{"name":"(anonymous_0)","decl":{"start":{"line":3,"column":22},"end":{"line":3,"column":23}},"loc":{"start":{"line":3,"column":28},"end":{"line":12,"column":1}},"line":3},"1":{"name":"(anonymous_1)","decl":{"start":{"line":4,"column":14},"end":{"line":4,"column":15}},"loc":{"start":{"line":4,"column":20},"end":{"line":7,"column":5}},"line":4}},"branchMap":{},"s":{"0":0,"1":0,"2":0,"3":0,"4":0},"f":{"0":0,"1":0},"b":{}}
,"C:\\Users\\mayow\\OneDrive\\Desktop\\CollegeWork(TU856)\\YEAR_4\\FinalYearProject\\Nursepal\\nursepal_frontend\\src\\components\\Navigations.js": {"path":"C:\\Users\\mayow\\OneDrive\\Desktop\\CollegeWork(TU856)\\YEAR_4\\FinalYearProject\\Nursepal\\nursepal_frontend\\src\\components\\Navigations.js","statementMap":{"0":{"start":{"line":6,"column":32},"end":{"line":6,"column":47}},"1":{"start":{"line":8,"column":4},"end":{"line":12,"column":17}},"2":{"start":{"line":9,"column":8},"end":{"line":11,"column":9}},"3":{"start":{"line":10,"column":12},"end":{"line":10,"column":28}},"4":{"start":{"line":14,"column":4},"end":{"line":29,"column":5}}},"fnMap":{"0":{"name":"Navigation","decl":{"start":{"line":5,"column":16},"end":{"line":5,"column":26}},"loc":{"start":{"line":5,"column":29},"end":{"line":30,"column":1}},"line":5},"1":{"name":"(anonymous_1)","decl":{"start":{"line":8,"column":14},"end":{"line":8,"column":15}},"loc":{"start":{"line":8,"column":20},"end":{"line":12,"column":5}},"line":8}},"branchMap":{"0":{"loc":{"start":{"line":9,"column":8},"end":{"line":11,"column":9}},"type":"if","locations":[{"start":{"line":9,"column":8},"end":{"line":11,"column":9}},{"start":{},"end":{}}],"line":9},"1":{"loc":{"start":{"line":19,"column":21},"end":{"line":19,"column":71}},"type":"cond-expr","locations":[{"start":{"line":19,"column":30},"end":{"line":19,"column":64}},{"start":{"line":19,"column":67},"end":{"line":19,"column":71}}],"line":19},"2":{"loc":{"start":{"line":22,"column":21},"end":{"line":22,"column":83}},"type":"cond-expr","locations":[{"start":{"line":22,"column":30},"end":{"line":22,"column":76}},{"start":{"line":22,"column":79},"end":{"line":22,"column":83}}],"line":22},"3":{"loc":{"start":{"line":25,"column":21},"end":{"line":25,"column":115}},"type":"cond-expr","locations":[{"start":{"line":25,"column":30},"end":{"line":25,"column":72}},{"start":{"line":25,"column":75},"end":{"line":25,"column":115}}],"line":25}},"s":{"0":0,"1":0,"2":0,"3":0,"4":0},"f":{"0":0,"1":0},"b":{"0":[0,0],"1":[0,0],"2":[0,0],"3":[0,0]}}
,"C:\\Users\\mayow\\OneDrive\\Desktop\\CollegeWork(TU856)\\YEAR_4\\FinalYearProject\\Nursepal\\nursepal_frontend\\src\\components\\PatientInput.js": {"path":"C:\\Users\\mayow\\OneDrive\\Desktop\\CollegeWork(TU856)\\YEAR_4\\FinalYearProject\\Nursepal\\nursepal_frontend\\src\\components\\PatientInput.js","statementMap":{"0":{"start":{"line":4,"column":28},"end":{"line":81,"column":1}},"1":{"start":{"line":5,"column":36},"end":{"line":8,"column":6}},"2":{"start":{"line":10,"column":44},"end":{"line":10,"column":56}},"3":{"start":{"line":11,"column":48},"end":{"line":11,"column":60}},"4":{"start":{"line":13,"column":30},"end":{"line":19,"column":5}},"5":{"start":{"line":14,"column":32},"end":{"line":14,"column":40}},"6":{"start":{"line":15,"column":8},"end":{"line":18,"column":11}},"7":{"start":{"line":21,"column":25},"end":{"line":46,"column":5}},"8":{"start":{"line":22,"column":8},"end":{"line":22,"column":27}},"9":{"start":{"line":24,"column":24},"end":{"line":24,"column":55}},"10":{"start":{"line":26,"column":8},"end":{"line":45,"column":9}},"11":{"start":{"line":27,"column":12},"end":{"line":27,"column":73}},"12":{"start":{"line":28,"column":12},"end":{"line":28,"column":62}},"13":{"start":{"line":30,"column":12},"end":{"line":33,"column":15}},"14":{"start":{"line":35,"column":12},"end":{"line":37,"column":21}},"15":{"start":{"line":36,"column":16},"end":{"line":36,"column":38}},"16":{"start":{"line":39,"column":12},"end":{"line":39,"column":59}},"17":{"start":{"line":40,"column":12},"end":{"line":40,"column":90}},"18":{"start":{"line":42,"column":12},"end":{"line":44,"column":21}},"19":{"start":{"line":43,"column":16},"end":{"line":43,"column":36}},"20":{"start":{"line":48,"column":4},"end":{"line":80,"column":6}}},"fnMap":{"0":{"name":"(anonymous_0)","decl":{"start":{"line":4,"column":28},"end":{"line":4,"column":29}},"loc":{"start":{"line":4,"column":45},"end":{"line":81,"column":1}},"line":4},"1":{"name":"(anonymous_1)","decl":{"start":{"line":13,"column":30},"end":{"line":13,"column":31}},"loc":{"start":{"line":13,"column":37},"end":{"line":19,"column":5}},"line":13},"2":{"name":"(anonymous_2)","decl":{"start":{"line":21,"column":25},"end":{"line":21,"column":26}},"loc":{"start":{"line":21,"column":38},"end":{"line":46,"column":5}},"line":21},"3":{"name":"(anonymous_3)","decl":{"start":{"line":35,"column":23},"end":{"line":35,"column":24}},"loc":{"start":{"line":35,"column":29},"end":{"line":37,"column":13}},"line":35},"4":{"name":"(anonymous_4)","decl":{"start":{"line":42,"column":23},"end":{"line":42,"column":24}},"loc":{"start":{"line":42,"column":29},"end":{"line":44,"column":13}},"line":42}},"branchMap":{"0":{"loc":{"start":{"line":67,"column":17},"end":{"line":71,"column":17}},"type":"binary-expr","locations":[{"start":{"line":67,"column":17},"end":{"line":67,"column":29}},{"start":{"line":68,"column":20},"end":{"line":70,"column":26}}],"line":67},"1":{"loc":{"start":{"line":72,"column":17},"end":{"line":76,"column":17}},"type":"binary-expr","locations":[{"start":{"line":72,"column":17},"end":{"line":72,"column":31}},{"start":{"line":73,"column":20},"end":{"line":75,"column":26}}],"line":72}},"s":{"0":0,"1":0,"2":0,"3":0,"4":0,"5":0,"6":0,"7":0,"8":0,"9":0,"10":0,"11":0,"12":0,"13":0,"14":0,"15":0,"16":0,"17":0,"18":0,"19":0,"20":0},"f":{"0":0,"1":0,"2":0,"3":0,"4":0},"b":{"0":[0,0],"1":[0,0]}}
,"C:\\Users\\mayow\\OneDrive\\Desktop\\CollegeWork(TU856)\\YEAR_4\\FinalYearProject\\Nursepal\\nursepal_frontend\\src\\components\\VitalsInput.js": {"path":"C:\\Users\\mayow\\OneDrive\\Desktop\\CollegeWork(TU856)\\YEAR_4\\FinalYearProject\\Nursepal\\nursepal_frontend\\src\\components\\VitalsInput.js","statementMap":{"0":{"start":{"line":4,"column":27},"end":{"line":106,"column":1}},"1":{"start":{"line":5,"column":36},"end":{"line":11,"column":6}},"2":{"start":{"line":13,"column":44},"end":{"line":13,"column":56}},"3":{"start":{"line":14,"column":40},"end":{"line":14,"column":55}},"4":{"start":{"line":15,"column":48},"end":{"line":15,"column":60}},"5":{"start":{"line":17,"column":30},"end":{"line":24,"column":5}},"6":{"start":{"line":18,"column":32},"end":{"line":18,"column":40}},"7":{"start":{"line":19,"column":8},"end":{"line":22,"column":11}},"8":{"start":{"line":23,"column":8},"end":{"line":23,"column":26}},"9":{"start":{"line":26,"column":25},"end":{"line":54,"column":5}},"10":{"start":{"line":27,"column":8},"end":{"line":27,"column":27}},"11":{"start":{"line":29,"column":8},"end":{"line":29,"column":29}},"12":{"start":{"line":31,"column":24},"end":{"line":31,"column":55}},"13":{"start":{"line":33,"column":8},"end":{"line":52,"column":9}},"14":{"start":{"line":34,"column":12},"end":{"line":34,"column":69}},"15":{"start":{"line":35,"column":12},"end":{"line":35,"column":72}},"16":{"start":{"line":37,"column":12},"end":{"line":43,"column":15}},"17":{"start":{"line":45,"column":12},"end":{"line":45,"column":39}},"18":{"start":{"line":46,"column":12},"end":{"line":48,"column":21}},"19":{"start":{"line":47,"column":16},"end":{"line":47,"column":38}},"20":{"start":{"line":50,"column":12},"end":{"line":50,"column":60}},"21":{"start":{"line":51,"column":12},"end":{"line":51,"column":90}},"22":{"start":{"line":56,"column":23},"end":{"line":58,"column":5}},"23":{"start":{"line":57,"column":8},"end":{"line":57,"column":35}},"24":{"start":{"line":60,"column":4},"end":{"line":105,"column":6}}},"fnMap":{"0":{"name":"(anonymous_0)","decl":{"start":{"line":4,"column":27},"end":{"line":4,"column":28}},"loc":{"start":{"line":4,"column":42},"end":{"line":106,"column":1}},"line":4},"1":{"name":"(anonymous_1)","decl":{"start":{"line":17,"column":30},"end":{"line":17,"column":31}},"loc":{"start":{"line":17,"column":37},"end":{"line":24,"column":5}},"line":17},"2":{"name":"(anonymous_2)","decl":{"start":{"line":26,"column":25},"end":{"line":26,"column":26}},"loc":{"start":{"line":26,"column":38},"end":{"line":54,"column":5}},"line":26},"3":{"name":"(anonymous_3)","decl":{"start":{"line":46,"column":23},"end":{"line":46,"column":24}},"loc":{"start":{"line":46,"column":29},"end":{"line":48,"column":13}},"line":46},"4":{"name":"(anonymous_4)","decl":{"start":{"line":56,"column":23},"end":{"line":56,"column":24}},"loc":{"start":{"line":56,"column":29},"end":{"line":58,"column":5}},"line":56}},"branchMap":{"0":{"loc":{"start":{"line":62,"column":72},"end":{"line":62,"column":124}},"type":"cond-expr","locations":[{"start":{"line":62,"column":85},"end":{"line":62,"column":107}},{"start":{"line":62,"column":110},"end":{"line":62,"column":124}}],"line":62},"1":{"loc":{"start":{"line":64,"column":13},"end":{"line":98,"column":13}},"type":"binary-expr","locations":[{"start":{"line":64,"column":13},"end":{"line":64,"column":23}},{"start":{"line":65,"column":16},"end":{"line":97,"column":23}}],"line":64},"2":{"loc":{"start":{"line":91,"column":21},"end":{"line":95,"column":21}},"type":"binary-expr","locations":[{"start":{"line":91,"column":21},"end":{"line":91,"column":33}},{"start":{"line":92,"column":24},"end":{"line":94,"column":30}}],"line":91},"3":{"loc":{"start":{"line":99,"column":13},"end":{"line":103,"column":13}},"type":"binary-expr","locations":[{"start":{"line":99,"column":13},"end":{"line":99,"column":27}},{"start":{"line":100,"column":16},"end":{"line":102,"column":22}}],"line":99}},"s":{"0":0,"1":0,"2":0,"3":0,"4":0,"5":0,"6":0,"7":0,"8":0,"9":0,"10":0,"11":0,"12":0,"13":0,"14":0,"15":0,"16":0,"17":0,"18":0,"19":0,"20":0,"21":0,"22":0,"23":0,"24":0},"f":{"0":0,"1":0,"2":0,"3":0,"4":0},"b":{"0":[0,0],"1":[0,0],"2":[0,0],"3":[0,0]}}
,"C:\\Users\\mayow\\OneDrive\\Desktop\\CollegeWork(TU856)\\YEAR_4\\FinalYearProject\\Nursepal\\nursepal_frontend\\src\\components\\api.js": {"path":"C:\\Users\\mayow\\OneDrive\\Desktop\\CollegeWork(TU856)\\YEAR_4\\FinalYearProject\\Nursepal\\nursepal_frontend\\src\\components\\api.js","statementMap":{"0":{"start":{"line":3,"column":16},"end":{"line":3,"column":52}},"1":{"start":{"line":5,"column":25},"end":{"line":17,"column":1}},"2":{"start":{"line":6,"column":4},"end":{"line":16,"column":5}},"3":{"start":{"line":7,"column":25},"end":{"line":10,"column":10}},"4":{"start":{"line":12,"column":8},"end":{"line":12,"column":29}},"5":{"start":{"line":14,"column":8},"end":{"line":14,"column":50}},"6":{"start":{"line":15,"column":8},"end":{"line":15,"column":20}},"7":{"start":{"line":19,"column":27},"end":{"line":28,"column":1}},"8":{"start":{"line":20,"column":4},"end":{"line":27,"column":5}},"9":{"start":{"line":21,"column":25},"end":{"line":21,"column":74}},"10":{"start":{"line":22,"column":8},"end":{"line":22,"column":29}},"11":{"start":{"line":25,"column":8},"end":{"line":25,"column":57}},"12":{"start":{"line":26,"column":8},"end":{"line":26,"column":20}},"13":{"start":{"line":30,"column":28},"end":{"line":51,"column":1}},"14":{"start":{"line":31,"column":4},"end":{"line":50,"column":5}},"15":{"start":{"line":32,"column":24},"end":{"line":42,"column":9}},"16":{"start":{"line":44,"column":25},"end":{"line":44,"column":81}},"17":{"start":{"line":46,"column":8},"end":{"line":46,"column":28}},"18":{"start":{"line":48,"column":8},"end":{"line":48,"column":57}},"19":{"start":{"line":49,"column":8},"end":{"line":49,"column":20}},"20":{"start":{"line":53,"column":28},"end":{"line":73,"column":1}},"21":{"start":{"line":54,"column":4},"end":{"line":72,"column":5}},"22":{"start":{"line":55,"column":24},"end":{"line":64,"column":9}},"23":{"start":{"line":66,"column":25},"end":{"line":66,"column":82}},"24":{"start":{"line":68,"column":8},"end":{"line":68,"column":28}},"25":{"start":{"line":70,"column":8},"end":{"line":70,"column":56}},"26":{"start":{"line":71,"column":8},"end":{"line":71,"column":20}},"27":{"start":{"line":75,"column":25},"end":{"line":84,"column":1}},"28":{"start":{"line":76,"column":4},"end":{"line":83,"column":5}},"29":{"start":{"line":77,"column":25},"end":{"line":77,"column":74}},"30":{"start":{"line":78,"column":8},"end":{"line":78,"column":29}},"31":{"start":{"line":81,"column":8},"end":{"line":81,"column":67}},"32":{"start":{"line":82,"column":8},"end":{"line":82,"column":20}},"33":{"start":{"line":86,"column":32},"end":{"line":103,"column":1}},"34":{"start":{"line":87,"column":4},"end":{"line":102,"column":5}},"35":{"start":{"line":88,"column":24},"end":{"line":94,"column":9}},"36":{"start":{"line":96,"column":25},"end":{"line":96,"column":87}},"37":{"start":{"line":98,"column":8},"end":{"line":98,"column":28}},"38":{"start":{"line":100,"column":8},"end":{"line":100,"column":61}},"39":{"start":{"line":101,"column":8},"end":{"line":101,"column":20}},"40":{"start":{"line":105,"column":30},"end":{"line":113,"column":1}},"41":{"start":{"line":106,"column":4},"end":{"line":112,"column":5}},"42":{"start":{"line":107,"column":25},"end":{"line":107,"column":77}},"43":{"start":{"line":108,"column":8},"end":{"line":108,"column":29}},"44":{"start":{"line":110,"column":8},"end":{"line":110,"column":58}},"45":{"start":{"line":111,"column":8},"end":{"line":111,"column":20}},"46":{"start":{"line":115,"column":35},"end":{"line":127,"column":1}},"47":{"start":{"line":116,"column":4},"end":{"line":126,"column":5}},"48":{"start":{"line":117,"column":24},"end":{"line":119,"column":9}},"49":{"start":{"line":121,"column":25},"end":{"line":121,"column":87}},"50":{"start":{"line":122,"column":8},"end":{"line":122,"column":28}},"51":{"start":{"line":124,"column":8},"end":{"line":124,"column":63}},"52":{"start":{"line":125,"column":8},"end":{"line":125,"column":20}}},"fnMap":{"0":{"name":"(anonymous_0)","decl":{"start":{"line":5,"column":25},"end":{"line":5,"column":26}},"loc":{"start":{"line":5,"column":55},"end":{"line":17,"column":1}},"line":5},"1":{"name":"(anonymous_1)","decl":{"start":{"line":19,"column":27},"end":{"line":19,"column":28}},"loc":{"start":{"line":19,"column":46},"end":{"line":28,"column":1}},"line":19},"2":{"name":"(anonymous_2)","decl":{"start":{"line":30,"column":28},"end":{"line":30,"column":29}},"loc":{"start":{"line":30,"column":57},"end":{"line":51,"column":1}},"line":30},"3":{"name":"(anonymous_3)","decl":{"start":{"line":53,"column":28},"end":{"line":53,"column":29}},"loc":{"start":{"line":53,"column":68},"end":{"line":73,"column":1}},"line":53},"4":{"name":"(anonymous_4)","decl":{"start":{"line":75,"column":25},"end":{"line":75,"column":26}},"loc":{"start":{"line":75,"column":46},"end":{"line":84,"column":1}},"line":75},"5":{"name":"(anonymous_5)","decl":{"start":{"line":86,"column":32},"end":{"line":86,"column":33}},"loc":{"start":{"line":86,"column":72},"end":{"line":103,"column":1}},"line":86},"6":{"name":"(anonymous_6)","decl":{"start":{"line":105,"column":30},"end":{"line":105,"column":31}},"loc":{"start":{"line":105,"column":51},"end":{"line":113,"column":1}},"line":105},"7":{"name":"(anonymous_7)","decl":{"start":{"line":115,"column":35},"end":{"line":115,"column":36}},"loc":{"start":{"line":115,"column":64},"end":{"line":127,"column":1}},"line":115}},"branchMap":{},"s":{"0":0,"1":0,"2":0,"3":0,"4":0,"5":0,"6":0,"7":0,"8":0,"9":0,"10":0,"11":0,"12":0,"13":0,"14":0,"15":0,"16":0,"17":0,"18":0,"19":0,"20":0,"21":0,"22":0,"23":0,"24":0,"25":0,"26":0,"27":0,"28":0,"29":0,"30":0,"31":0,"32":0,"33":0,"34":0,"35":0,"36":0,"37":0,"38":0,"39":0,"40":0,"41":0,"42":0,"43":0,"44":0,"45":0,"46":0,"47":0,"48":0,"49":0,"50":0,"51":0,"52":0},"f":{"0":0,"1":0,"2":0,"3":0,"4":0,"5":0,"6":0,"7":0},"b":{}}
,"C:\\Users\\mayow\\OneDrive\\Desktop\\CollegeWork(TU856)\\YEAR_4\\FinalYearProject\\Nursepal\\nursepal_frontend\\src\\components\\Pages\\AdmissionPage.js": {"path":"C:\\Users\\mayow\\OneDrive\\Desktop\\CollegeWork(TU856)\\YEAR_4\\FinalYearProject\\Nursepal\\nursepal_frontend\\src\\components\\Pages\\AdmissionPage.js","statementMap":{"0":{"start":{"line":4,"column":29},"end":{"line":91,"column":1}},"1":{"start":{"line":5,"column":36},"end":{"line":13,"column":6}},"2":{"start":{"line":15,"column":44},"end":{"line":15,"column":56}},"3":{"start":{"line":17,"column":30},"end":{"line":24,"column":5}},"4":{"start":{"line":18,"column":32},"end":{"line":18,"column":40}},"5":{"start":{"line":19,"column":8},"end":{"line":22,"column":11}},"6":{"start":{"line":23,"column":8},"end":{"line":23,"column":26}},"7":{"start":{"line":26,"column":25},"end":{"line":41,"column":5}},"8":{"start":{"line":27,"column":8},"end":{"line":27,"column":27}},"9":{"start":{"line":29,"column":8},"end":{"line":29,"column":29}},"10":{"start":{"line":31,"column":24},"end":{"line":31,"column":55}},"11":{"start":{"line":33,"column":8},"end":{"line":39,"column":9}},"12":{"start":{"line":34,"column":11},"end":{"line":34,"column":49}},"13":{"start":{"line":35,"column":11},"end":{"line":35,"column":46}},"14":{"start":{"line":37,"column":12},"end":{"line":37,"column":61}},"15":{"start":{"line":38,"column":12},"end":{"line":38,"column":95}},"16":{"start":{"line":43,"column":4},"end":{"line":90,"column":6}}},"fnMap":{"0":{"name":"(anonymous_0)","decl":{"start":{"line":4,"column":29},"end":{"line":4,"column":30}},"loc":{"start":{"line":4,"column":35},"end":{"line":91,"column":1}},"line":4},"1":{"name":"(anonymous_1)","decl":{"start":{"line":17,"column":30},"end":{"line":17,"column":31}},"loc":{"start":{"line":17,"column":37},"end":{"line":24,"column":5}},"line":17},"2":{"name":"(anonymous_2)","decl":{"start":{"line":26,"column":25},"end":{"line":26,"column":26}},"loc":{"start":{"line":26,"column":38},"end":{"line":41,"column":5}},"line":26}},"branchMap":{"0":{"loc":{"start":{"line":86,"column":17},"end":{"line":86,"column":89}},"type":"binary-expr","locations":[{"start":{"line":86,"column":17},"end":{"line":86,"column":29}},{"start":{"line":86,"column":33},"end":{"line":86,"column":89}}],"line":86}},"s":{"0":0,"1":0,"2":0,"3":0,"4":0,"5":0,"6":0,"7":0,"8":0,"9":0,"10":0,"11":0,"12":0,"13":0,"14":0,"15":0,"16":0},"f":{"0":0,"1":0,"2":0},"b":{"0":[0,0]}}
,"C:\\Users\\mayow\\OneDrive\\Desktop\\CollegeWork(TU856)\\YEAR_4\\FinalYearProject\\Nursepal\\nursepal_frontend\\src\\components\\Pages\\HomePage.js": {"path":"C:\\Users\\mayow\\OneDrive\\Desktop\\CollegeWork(TU856)\\YEAR_4\\FinalYearProject\\Nursepal\\nursepal_frontend\\src\\components\\Pages\\HomePage.js","statementMap":{"0":{"start":{"line":9,"column":24},"end":{"line":81,"column":1}},"1":{"start":{"line":10,"column":36},"end":{"line":10,"column":48}},"2":{"start":{"line":11,"column":34},"end":{"line":11,"column":48}},"3":{"start":{"line":13,"column":4},"end":{"line":26,"column":11}},"4":{"start":{"line":14,"column":8},"end":{"line":16,"column":9}},"5":{"start":{"line":15,"column":12},"end":{"line":15,"column":44}},"6":{"start":{"line":17,"column":8},"end":{"line":25,"column":15}},"7":{"start":{"line":19,"column":16},"end":{"line":19,"column":34}},"8":{"start":{"line":20,"column":16},"end":{"line":20,"column":34}},"9":{"start":{"line":23,"column":16},"end":{"line":23,"column":65}},"10":{"start":{"line":24,"column":16},"end":{"line":24,"column":34}},"11":{"start":{"line":28,"column":4},"end":{"line":80,"column":6}},"12":{"start":{"line":56,"column":40},"end":{"line":63,"column":45}}},"fnMap":{"0":{"name":"(anonymous_0)","decl":{"start":{"line":9,"column":24},"end":{"line":9,"column":25}},"loc":{"start":{"line":9,"column":30},"end":{"line":81,"column":1}},"line":9},"1":{"name":"(anonymous_1)","decl":{"start":{"line":13,"column":14},"end":{"line":13,"column":15}},"loc":{"start":{"line":13,"column":20},"end":{"line":26,"column":5}},"line":13},"2":{"name":"(anonymous_2)","decl":{"start":{"line":18,"column":18},"end":{"line":18,"column":19}},"loc":{"start":{"line":18,"column":26},"end":{"line":21,"column":13}},"line":18},"3":{"name":"(anonymous_3)","decl":{"start":{"line":22,"column":19},"end":{"line":22,"column":20}},"loc":{"start":{"line":22,"column":28},"end":{"line":25,"column":13}},"line":22},"4":{"name":"(anonymous_4)","decl":{"start":{"line":55,"column":49},"end":{"line":55,"column":50}},"loc":{"start":{"line":56,"column":40},"end":{"line":63,"column":45}},"line":56}},"branchMap":{"0":{"loc":{"start":{"line":14,"column":8},"end":{"line":16,"column":9}},"type":"if","locations":[{"start":{"line":14,"column":8},"end":{"line":16,"column":9}},{"start":{},"end":{}}],"line":14},"1":{"loc":{"start":{"line":46,"column":21},"end":{"line":73,"column":21}},"type":"cond-expr","locations":[{"start":{"line":47,"column":24},"end":{"line":50,"column":30}},{"start":{"line":52,"column":24},"end":{"line":72,"column":29}}],"line":46},"2":{"loc":{"start":{"line":53,"column":29},"end":{"line":71,"column":29}},"type":"cond-expr","locations":[{"start":{"line":55,"column":36},"end":{"line":64,"column":38}},{"start":{"line":66,"column":36},"end":{"line":70,"column":41}}],"line":53}},"s":{"0":0,"1":0,"2":0,"3":0,"4":0,"5":0,"6":0,"7":0,"8":0,"9":0,"10":0,"11":0,"12":0},"f":{"0":0,"1":0,"2":0,"3":0,"4":0},"b":{"0":[0,0],"1":[0,0],"2":[0,0]}}
,"C:\\Users\\mayow\\OneDrive\\Desktop\\CollegeWork(TU856)\\YEAR_4\\FinalYearProject\\Nursepal\\nursepal_frontend\\src\\components\\Pages\\PatientDetailPage.js": {"path":"C:\\Users\\mayow\\OneDrive\\Desktop\\CollegeWork(TU856)\\YEAR_4\\FinalYearProject\\Nursepal\\nursepal_frontend\\src\\components\\Pages\\PatientDetailPage.js","statementMap":{"0":{"start":{"line":9,"column":33},"end":{"line":61,"column":1}},"1":{"start":{"line":10,"column":20},"end":{"line":10,"column":39}},"2":{"start":{"line":11,"column":4},"end":{"line":11,"column":25}},"3":{"start":{"line":13,"column":4},"end":{"line":60,"column":6}}},"fnMap":{"0":{"name":"(anonymous_0)","decl":{"start":{"line":9,"column":33},"end":{"line":9,"column":34}},"loc":{"start":{"line":9,"column":39},"end":{"line":61,"column":1}},"line":9}},"branchMap":{},"s":{"0":0,"1":0,"2":0,"3":0},"f":{"0":0},"b":{}}
,"C:\\Users\\mayow\\OneDrive\\Desktop\\CollegeWork(TU856)\\YEAR_4\\FinalYearProject\\Nursepal\\nursepal_frontend\\src\\components\\Pages\\PatientsPage.js": {"path":"C:\\Users\\mayow\\OneDrive\\Desktop\\CollegeWork(TU856)\\YEAR_4\\FinalYearProject\\Nursepal\\nursepal_frontend\\src\\components\\Pages\\PatientsPage.js","statementMap":{"0":{"start":{"line":7,"column":28},"end":{"line":73,"column":1}},"1":{"start":{"line":8,"column":36},"end":{"line":8,"column":48}},"2":{"start":{"line":9,"column":34},"end":{"line":9,"column":48}},"3":{"start":{"line":11,"column":4},"end":{"line":24,"column":11}},"4":{"start":{"line":12,"column":8},"end":{"line":14,"column":9}},"5":{"start":{"line":13,"column":12},"end":{"line":13,"column":44}},"6":{"start":{"line":15,"column":8},"end":{"line":23,"column":15}},"7":{"start":{"line":17,"column":16},"end":{"line":17,"column":34}},"8":{"start":{"line":18,"column":16},"end":{"line":18,"column":34}},"9":{"start":{"line":21,"column":16},"end":{"line":21,"column":65}},"10":{"start":{"line":22,"column":16},"end":{"line":22,"column":34}},"11":{"start":{"line":26,"column":4},"end":{"line":72,"column":6}},"12":{"start":{"line":46,"column":40},"end":{"line":53,"column":45}}},"fnMap":{"0":{"name":"(anonymous_0)","decl":{"start":{"line":7,"column":28},"end":{"line":7,"column":29}},"loc":{"start":{"line":7,"column":34},"end":{"line":73,"column":1}},"line":7},"1":{"name":"(anonymous_1)","decl":{"start":{"line":11,"column":14},"end":{"line":11,"column":15}},"loc":{"start":{"line":11,"column":20},"end":{"line":24,"column":5}},"line":11},"2":{"name":"(anonymous_2)","decl":{"start":{"line":16,"column":18},"end":{"line":16,"column":19}},"loc":{"start":{"line":16,"column":26},"end":{"line":19,"column":13}},"line":16},"3":{"name":"(anonymous_3)","decl":{"start":{"line":20,"column":19},"end":{"line":20,"column":20}},"loc":{"start":{"line":20,"column":28},"end":{"line":23,"column":13}},"line":20},"4":{"name":"(anonymous_4)","decl":{"start":{"line":45,"column":49},"end":{"line":45,"column":50}},"loc":{"start":{"line":46,"column":40},"end":{"line":53,"column":45}},"line":46}},"branchMap":{"0":{"loc":{"start":{"line":12,"column":8},"end":{"line":14,"column":9}},"type":"if","locations":[{"start":{"line":12,"column":8},"end":{"line":14,"column":9}},{"start":{},"end":{}}],"line":12},"1":{"loc":{"start":{"line":36,"column":21},"end":{"line":63,"column":21}},"type":"cond-expr","locations":[{"start":{"line":37,"column":24},"end":{"line":40,"column":30}},{"start":{"line":42,"column":24},"end":{"line":62,"column":29}}],"line":36},"2":{"loc":{"start":{"line":43,"column":29},"end":{"line":61,"column":29}},"type":"cond-expr","locations":[{"start":{"line":45,"column":36},"end":{"line":54,"column":38}},{"start":{"line":56,"column":36},"end":{"line":60,"column":41}}],"line":43}},"s":{"0":0,"1":0,"2":0,"3":0,"4":0,"5":0,"6":0,"7":0,"8":0,"9":0,"10":0,"11":0,"12":0},"f":{"0":0,"1":0,"2":0,"3":0,"4":0},"b":{"0":[0,0],"1":[0,0],"2":[0,0]}}
,"C:\\Users\\mayow\\OneDrive\\Desktop\\CollegeWork(TU856)\\YEAR_4\\FinalYearProject\\Nursepal\\nursepal_frontend\\src\\components\\Pages\\VitalCharts.js": {"path":"C:\\Users\\mayow\\OneDrive\\Desktop\\CollegeWork(TU856)\\YEAR_4\\FinalYearProject\\Nursepal\\nursepal_frontend\\src\\components\\Pages\\VitalCharts.js","statementMap":{"0":{"start":{"line":6,"column":28},"end":{"line":143,"column":1}},"1":{"start":{"line":7,"column":40},"end":{"line":7,"column":54}},"2":{"start":{"line":8,"column":38},"end":{"line":8,"column":57}},"3":{"start":{"line":9,"column":21},"end":{"line":9,"column":33}},"4":{"start":{"line":11,"column":4},"end":{"line":22,"column":18}},"5":{"start":{"line":12,"column":32},"end":{"line":19,"column":9}},"6":{"start":{"line":13,"column":12},"end":{"line":18,"column":13}},"7":{"start":{"line":14,"column":29},"end":{"line":14,"column":63}},"8":{"start":{"line":15,"column":16},"end":{"line":15,"column":36}},"9":{"start":{"line":17,"column":16},"end":{"line":17,"column":68}},"10":{"start":{"line":21,"column":8},"end":{"line":21,"column":26}},"11":{"start":{"line":24,"column":4},"end":{"line":28,"column":32}},"12":{"start":{"line":25,"column":8},"end":{"line":27,"column":9}},"13":{"start":{"line":26,"column":12},"end":{"line":26,"column":26}},"14":{"start":{"line":30,"column":24},"end":{"line":77,"column":5}},"15":{"start":{"line":31,"column":8},"end":{"line":33,"column":9}},"16":{"start":{"line":32,"column":12},"end":{"line":32,"column":39}},"17":{"start":{"line":35,"column":20},"end":{"line":35,"column":58}},"18":{"start":{"line":37,"column":29},"end":{"line":37,"column":68}},"19":{"start":{"line":38,"column":8},"end":{"line":38,"column":81}},"20":{"start":{"line":38,"column":36},"end":{"line":38,"column":79}},"21":{"start":{"line":40,"column":8},"end":{"line":76,"column":11}},"22":{"start":{"line":43,"column":50},"end":{"line":43,"column":64}},"23":{"start":{"line":47,"column":56},"end":{"line":47,"column":73}},"24":{"start":{"line":53,"column":56},"end":{"line":53,"column":71}},"25":{"start":{"line":59,"column":56},"end":{"line":59,"column":77}},"26":{"start":{"line":79,"column":34},"end":{"line":81,"column":5}},"27":{"start":{"line":80,"column":8},"end":{"line":80,"column":41}},"28":{"start":{"line":83,"column":29},"end":{"line":106,"column":5}},"29":{"start":{"line":84,"column":20},"end":{"line":84,"column":30}},"30":{"start":{"line":85,"column":25},"end":{"line":85,"column":35}},"31":{"start":{"line":87,"column":8},"end":{"line":103,"column":9}},"32":{"start":{"line":89,"column":16},"end":{"line":89,"column":56}},"33":{"start":{"line":90,"column":16},"end":{"line":90,"column":22}},"34":{"start":{"line":92,"column":16},"end":{"line":92,"column":56}},"35":{"start":{"line":93,"column":16},"end":{"line":93,"column":22}},"36":{"start":{"line":95,"column":16},"end":{"line":95,"column":54}},"37":{"start":{"line":96,"column":16},"end":{"line":96,"column":22}},"38":{"start":{"line":98,"column":16},"end":{"line":98,"column":55}},"39":{"start":{"line":99,"column":16},"end":{"line":99,"column":22}},"40":{"start":{"line":102,"column":16},"end":{"line":102,"column":28}},"41":{"start":{"line":105,"column":8},"end":{"line":105,"column":75}},"42":{"start":{"line":105,"column":36},"end":{"line":105,"column":73}},"43":{"start":{"line":108,"column":24},"end":{"line":120,"column":5}},"44":{"start":{"line":109,"column":8},"end":{"line":119,"column":9}},"45":{"start":{"line":112,"column":16},"end":{"line":112,"column":32}},"46":{"start":{"line":114,"column":16},"end":{"line":114,"column":30}},"47":{"start":{"line":116,"column":16},"end":{"line":116,"column":29}},"48":{"start":{"line":118,"column":16},"end":{"line":118,"column":30}},"49":{"start":{"line":122,"column":4},"end":{"line":142,"column":6}}},"fnMap":{"0":{"name":"(anonymous_0)","decl":{"start":{"line":6,"column":28},"end":{"line":6,"column":29}},"loc":{"start":{"line":6,"column":45},"end":{"line":143,"column":1}},"line":6},"1":{"name":"(anonymous_1)","decl":{"start":{"line":11,"column":14},"end":{"line":11,"column":15}},"loc":{"start":{"line":11,"column":20},"end":{"line":22,"column":5}},"line":11},"2":{"name":"(anonymous_2)","decl":{"start":{"line":12,"column":32},"end":{"line":12,"column":33}},"loc":{"start":{"line":12,"column":44},"end":{"line":19,"column":9}},"line":12},"3":{"name":"(anonymous_3)","decl":{"start":{"line":24,"column":14},"end":{"line":24,"column":15}},"loc":{"start":{"line":24,"column":20},"end":{"line":28,"column":5}},"line":24},"4":{"name":"(anonymous_4)","decl":{"start":{"line":30,"column":24},"end":{"line":30,"column":25}},"loc":{"start":{"line":30,"column":30},"end":{"line":77,"column":5}},"line":30},"5":{"name":"(anonymous_5)","decl":{"start":{"line":38,"column":26},"end":{"line":38,"column":27}},"loc":{"start":{"line":38,"column":36},"end":{"line":38,"column":79}},"line":38},"6":{"name":"(anonymous_6)","decl":{"start":{"line":43,"column":41},"end":{"line":43,"column":42}},"loc":{"start":{"line":43,"column":50},"end":{"line":43,"column":64}},"line":43},"7":{"name":"(anonymous_7)","decl":{"start":{"line":47,"column":47},"end":{"line":47,"column":48}},"loc":{"start":{"line":47,"column":56},"end":{"line":47,"column":73}},"line":47},"8":{"name":"(anonymous_8)","decl":{"start":{"line":53,"column":47},"end":{"line":53,"column":48}},"loc":{"start":{"line":53,"column":56},"end":{"line":53,"column":71}},"line":53},"9":{"name":"(anonymous_9)","decl":{"start":{"line":59,"column":47},"end":{"line":59,"column":48}},"loc":{"start":{"line":59,"column":56},"end":{"line":59,"column":77}},"line":59},"10":{"name":"(anonymous_10)","decl":{"start":{"line":79,"column":34},"end":{"line":79,"column":35}},"loc":{"start":{"line":79,"column":45},"end":{"line":81,"column":5}},"line":79},"11":{"name":"(anonymous_11)","decl":{"start":{"line":83,"column":29},"end":{"line":83,"column":30}},"loc":{"start":{"line":83,"column":50},"end":{"line":106,"column":5}},"line":83},"12":{"name":"(anonymous_12)","decl":{"start":{"line":105,"column":27},"end":{"line":105,"column":28}},"loc":{"start":{"line":105,"column":36},"end":{"line":105,"column":73}},"line":105},"13":{"name":"(anonymous_13)","decl":{"start":{"line":108,"column":24},"end":{"line":108,"column":25}},"loc":{"start":{"line":108,"column":39},"end":{"line":120,"column":5}},"line":108}},"branchMap":{"0":{"loc":{"start":{"line":25,"column":8},"end":{"line":27,"column":9}},"type":"if","locations":[{"start":{"line":25,"column":8},"end":{"line":27,"column":9}},{"start":{},"end":{}}],"line":25},"1":{"loc":{"start":{"line":31,"column":8},"end":{"line":33,"column":9}},"type":"if","locations":[{"start":{"line":31,"column":8},"end":{"line":33,"column":9}},{"start":{},"end":{}}],"line":31},"2":{"loc":{"start":{"line":87,"column":8},"end":{"line":103,"column":9}},"type":"switch","locations":[{"start":{"line":88,"column":12},"end":{"line":90,"column":22}},{"start":{"line":91,"column":12},"end":{"line":93,"column":22}},{"start":{"line":94,"column":12},"end":{"line":96,"column":22}},{"start":{"line":97,"column":12},"end":{"line":99,"column":22}},{"start":{"line":100,"column":12},"end":{"line":102,"column":28}}],"line":87},"3":{"loc":{"start":{"line":109,"column":8},"end":{"line":119,"column":9}},"type":"switch","locations":[{"start":{"line":110,"column":12},"end":{"line":110,"column":30}},{"start":{"line":111,"column":12},"end":{"line":112,"column":32}},{"start":{"line":113,"column":12},"end":{"line":114,"column":30}},{"start":{"line":115,"column":12},"end":{"line":116,"column":29}},{"start":{"line":117,"column":12},"end":{"line":118,"column":30}}],"line":109}},"s":{"0":0,"1":0,"2":0,"3":0,"4":0,"5":0,"6":0,"7":0,"8":0,"9":0,"10":0,"11":0,"12":0,"13":0,"14":0,"15":0,"16":0,"17":0,"18":0,"19":0,"20":0,"21":0,"22":0,"23":0,"24":0,"25":0,"26":0,"27":0,"28":0,"29":0,"30":0,"31":0,"32":0,"33":0,"34":0,"35":0,"36":0,"37":0,"38":0,"39":0,"40":0,"41":0,"42":0,"43":0,"44":0,"45":0,"46":0,"47":0,"48":0,"49":0},"f":{"0":0,"1":0,"2":0,"3":0,"4":0,"5":0,"6":0,"7":0,"8":0,"9":0,"10":0,"11":0,"12":0,"13":0},"b":{"0":[0,0],"1":[0,0],"2":[0,0,0,0,0],"3":[0,0,0,0,0]}}
}
